<?xml version="1.0" encoding="UTF-8"?>
<!-- Generated by org.testng.reporters.JUnitReportReporter -->
<testsuite hostname="LAPTOP-PPEER480" failures="0" tests="1" name="com.mercury.webtours.base.TestSmoke" time="0.000" errors="0" timestamp="2022-01-29T13:42:38 EST" skipped="1">
  <testcase classname="com.mercury.webtours.base.TestSmoke" name="userLoginValidation" time="0.000">
    <skipped/>
  </testcase> <!-- userLoginValidation -->
  <system-out/>
</testsuite> <!-- com.mercury.webtours.base.TestSmoke -->
